2025-10-18 10:18:00 | WARN | repo=tictactoe | action=test | passed=true
2025-02-12 15:56:00 | WARN | repo=tictactoe | action=commit
2025-11-21 08:11:00 | INFO | repo=tictactoe | action=edit | files=1
2025-06-26 13:42:00 | INFO | repo=tictactoe | action=pull
2025-03-18 16:43:00 | INFO | repo=tictactoe | action=commit
2025-02-21 15:08:00 | DEBUG | repo=tictactoe | action=pull
2025-09-09 19:17:00 | WARN | repo=tictactoe | action=edit | files=3
2025-02-25 18:16:00 | WARN | repo=tictactoe | action=test | passed=true
2025-03-20 21:58:00 | INFO | repo=tictactoe | action=pull
2025-04-17 14:16:00 | INFO | repo=tictactoe | action=test | passed=true
2025-07-17 08:47:00 | INFO | repo=tictactoe | action=test | passed=true
2025-05-03 08:42:00 | INFO | repo=tictactoe | action=pull
2025-02-26 20:15:00 | INFO | repo=tictactoe | action=test | passed=true
2025-10-09 19:26:00 | DEBUG | repo=tictactoe | action=pull
2025-12-08 10:06:00 | DEBUG | repo=tictactoe | action=pull
2025-09-19 11:09:00 | DEBUG | repo=tictactoe | action=edit | files=2
2025-06-19 11:23:00 | WARN | repo=tictactoe | action=pull
2025-11-17 19:07:00 | DEBUG | repo=tictactoe | action=test | passed=true
2025-07-01 08:19:00 | DEBUG | repo=tictactoe | action=pull
2025-10-03 20:18:00 | DEBUG | repo=tictactoe | action=test | passed=true
2025-10-21 12:22:00 | WARN | repo=tictactoe | action=commit
2025-06-06 15:30:00 | WARN | repo=tictactoe | action=commit
2025-10-22 21:20:00 | INFO | repo=tictactoe | action=edit | files=1
2025-01-27 07:13:00 | DEBUG | repo=tictactoe | action=edit | files=4
2025-02-12 16:02:00 | INFO | repo=tictactoe | action=commit
2025-04-24 18:49:00 | WARN | repo=tictactoe | action=pull
2025-01-24 21:08:00 | WARN | repo=tictactoe | action=pull
2025-11-24 12:09:00 | DEBUG | repo=tictactoe | action=commit
2025-03-23 18:13:00 | DEBUG | repo=tictactoe | action=test | passed=true
2025-01-10 07:12:00 | DEBUG | repo=tictactoe | action=pull
2025-10-14 11:53:00 | WARN | repo=tictactoe | action=test | passed=true
2025-12-02 21:52:00 | DEBUG | repo=tictactoe | action=commit
2025-09-10 17:17:00 | DEBUG | repo=tictactoe | action=edit | files=1
2025-07-12 20:46:00 | INFO | repo=tictactoe | action=test | passed=true
2025-09-07 08:46:00 | INFO | repo=tictactoe | action=commit
2025-04-22 17:11:00 | DEBUG | repo=tictactoe | action=pull
2025-05-13 12:12:00 | WARN | repo=tictactoe | action=test | passed=true
2025-01-23 08:51:00 | DEBUG | repo=tictactoe | action=commit
2025-04-24 18:53:00 | DEBUG | repo=tictactoe | action=edit | files=3
2025-09-01 13:27:00 | INFO | repo=tictactoe | action=commit
2025-03-01 10:27:00 | WARN | repo=tictactoe | action=test | passed=true
2025-09-03 07:52:00 | INFO | repo=tictactoe | action=pull
2025-02-14 12:05:00 | DEBUG | repo=tictactoe | action=commit
2025-08-13 16:25:00 | INFO | repo=tictactoe | action=test | passed=true
2025-11-24 18:02:00 | DEBUG | repo=tictactoe | action=commit
2025-12-19 21:59:00 | DEBUG | repo=tictactoe | action=commit
2025-04-20 19:45:00 | WARN | repo=tictactoe | action=commit
